<?xml version="1.0" encoding="UTF-8"?>
<!-- Generated by org.testng.reporters.JUnitReportReporter -->
<testsuite hostname="DESKTOP-NVEN0KO" failures="0" tests="1" name="testcase.Baseclass" time="19.329" errors="0" timestamp="2025-04-25T14:42:50 IST" skipped="0">
  <testcase classname="testcase.Baseclass" name="beforeMethod" time="19.329"/>
</testsuite> <!-- testcase.Baseclass -->
