<?xml version="1.0" encoding="UTF-8"?>
<!-- Generated by org.testng.reporters.JUnitReportReporter -->
<testsuite hostname="DESKTOP-NVEN0KO" failures="0" tests="2" name="testcase.LoginPageTest" time="105.158" errors="0" timestamp="2025-05-08T11:26:56 IST" skipped="0">
  <testcase classname="testcase.LoginPageTest" name="isUserAbleToLoginWithValidCredentials" time="87.448"/>
  <testcase classname="testcase.LoginPageTest" name="isUserAbleToLoginWithInvalidCredentials" time="17.710"/>
</testsuite> <!-- testcase.LoginPageTest -->
